init(1)-+-Binder_2(182)-+-{Binder_1}(420)
        |               |-{Binder_3}(1450)
        |               |-{Binder_4}(1750)
        |               |-{Binder_5}(1759)
        |               |-{OperationWorke}(230)
        |               `-{PowerHintServi}(201)
        |-FMRadioServer(179)---{Binder_1}(421)
        |-FileMonitorServ(181)-+-{Binder_1}(195)
        |                      `-{FileMonitorSer}(194)
        |-MarvellNfcExten(180)
        |-MarvellWireless(200)
        |-adbd(631)-+-{adbd}(633)
        |           |-{adbd}(7036)
        |           `-{adbd}(7037)
        |-atcmdsrv(578)-+-{ATP1_0}(605)
        |               |-{ATP1_1}(606)
        |               |-{ATP1_2}(607)
        |               |-{ATP1_3}(608)
        |               |-{ATP1_4}(609)
        |               |-{ATP1_5}(610)
        |               |-{ATP1_6}(611)
        |               |-{ATP1_7}(612)
        |               |-{ATP1_AGPS}(614)
        |               |-{ATP1_SIMAL}(615)
        |               |-{ATP1_TEST}(613)
        |               |-{ATP_0}(592)
        |               |-{ATP_1}(593)
        |               |-{ATP_2}(594)
        |               |-{ATP_3}(595)
        |               |-{ATP_4}(596)
        |               |-{ATP_5}(597)
        |               |-{ATP_6}(598)
        |               |-{ATP_7}(599)
        |               |-{ATP_AGPS}(601)
        |               |-{ATP_ATCONVERT}(603)
        |               |-{ATP_IMS_1}(616)
        |               |-{ATP_IMS_2}(617)
        |               |-{ATP_MODEM}(604)
        |               |-{ATP_SIMAL}(602)
        |               |-{ATP_TEST}(600)
        |               |-{OSATck}(583)
        |               |-{OSATmr}(584)
        |               |-{ciClientStubTa}(590)
        |               `-{diagLocalRx}(589)
        |-debuggerd(170)
        |-diag(574)---{diagCPRx}(623)
        |-drmserver(175)-+-{Binder_1}(418)
        |                `-{Binder_2}(1585)
        |-eeh(567)-+-{EehTask}(576)
        |          |-{OSATck}(571)
        |          |-{OSATmr}(572)
        |          `-{diagLocalRx}(585)
        |-gpslpm_srv(581)
        |-healthd(165)
        |-installd(177)
        |-keystore(178)
        |-mediaserver(176)-+-{.vorbis.decode}(8125)
        |                  |-{ApmAudio}(481)
        |                  |-{ApmOutput}(482)
        |                  |-{ApmTone}(480)
        |                  |-{AudioCalibrati}(441)
        |                  |-{AudioOut_2}(706)
        |                  |-{AudioOut_3}(707)
        |                  |-{AudioTrack}(8127)
        |                  |-{Binder_1}(709)
        |                  |-{Binder_2}(895)
        |                  |-{FastMixer}(546)
        |                  |-{OMXCallbackDis}(8126)
        |                  |-{TimedEventQueu}(8124)
        |                  |-{mediaserver}(484)
        |                  |-{mediaserver}(543)
        |                  `-{wfdavmgr}(708)
        |-netd(169)-+-{netd}(529)
        |           |-{netd}(530)
        |           |-{netd}(531)
        |           |-{netd}(532)
        |           |-{netd}(533)
        |           |-{netd}(534)
        |           `-{netd}(535)
        |-nvm(569)-+-{SHM TxRx Task}(586)
        |          `-{diagLocalRx}(588)
        |-pppmodem(239)-+-{PPP_HANDLER}(8120)
        |               |-{PPP_ROUTER}(8121)
        |               `-{modemDevRx}(407)
        |-rild(172)-+-{RIL-ATServer}(211)
        |           |-{RIL-CC}(203)
        |           |-{RIL-DEV}(204)
        |           |-{RIL-MM}(205)
        |           |-{RIL-MSG}(206)
        |           |-{RIL-PS}(207)
        |           |-{RIL-PS}(628)
        |           |-{RIL-SIM}(208)
        |           |-{RIL-SS}(209)
        |           |-{RIL-mainLoop}(210)
        |           |-{RIL-readerLoop}(626)
        |           `-{rild}(202)
        |-rild(196)-+-{RIL-mainLoop}(228)
        |           |-{RIL-readerLoop}(627)
        |           |-{RIL2-CC}(219)
        |           |-{RIL2-DEV}(220)
        |           |-{RIL2-MM}(222)
        |           |-{RIL2-MSG}(223)
        |           |-{RIL2-PS}(224)
        |           |-{RIL2-PS}(630)
        |           |-{RIL2-SIM}(225)
        |           |-{RIL2-SS}(227)
        |           `-{rild}(215)
        |-sdcard(198)-+-{sdcard}(212)
        |             `-{sdcard}(213)
        |-servicemanager(166)
        |-sh(236)---sh(4941)---busybox(8197)
        |-simal(183)
        |-surfaceflinger(173)-+-{Binder_1}(217)
        |                     |-{Binder_2}(221)
        |                     |-{Binder_3}(549)
        |                     |-{Binder_4}(1335)
        |                     |-{DispSync}(218)
        |                     |-{Display event }(458)
        |                     |-{EventControl}(479)
        |                     |-{EventThread}(476)
        |                     |-{EventThread}(478)
        |                     `-{surfaceflinger}(422)
        |-teec_sstd_ca(162)
        |-ueventd(142)
        |-vold(167)-+-{vold}(193)
        |           `-{vold}(229)
        `-zygote(174)-+-.marvell.eprobe(1143)-+-{Binder_1}(1154)
                      |                       |-{Binder_2}(1155)
                      |                       |-{Compiler}(1150)
                      |                       |-{FinalizerDaemo}(1152)
                      |                       |-{FinalizerWatch}(1153)
                      |                       |-{GC}(1147)
                      |                       |-{JDWP}(1149)
                      |                       |-{ReferenceQueue}(1151)
                      |                       `-{Signal Catcher}(1148)
                      |-.orangelabs.rcs(1464)-+-{Binder_1}(1476)
                      |                       |-{Binder_2}(1477)
                      |                       |-{Compiler}(1472)
                      |                       |-{FinalizerDaemo}(1474)
                      |                       |-{FinalizerWatch}(1475)
                      |                       |-{GC}(1469)
                      |                       |-{JDWP}(1471)
                      |                       |-{ReferenceQueue}(1473)
                      |                       `-{Signal Catcher}(1470)
                      |-alnotifyservice(1677)-+-{Binder_1}(1688)
                      |                       |-{Binder_2}(1689)
                      |                       |-{Compiler}(1684)
                      |                       |-{FinalizerDaemo}(1686)
                      |                       |-{FinalizerWatch}(1687)
                      |                       |-{GC}(1681)
                      |                       |-{JDWP}(1683)
                      |                       |-{ReferenceQueue}(1685)
                      |                       `-{Signal Catcher}(1682)
                      |-com.android.nfc(1109)-+-{AsyncTask #1}(1232)
                      |                       |-{AsyncTask #2}(1336)
                      |                       |-{Binder_1}(1122)
                      |                       |-{Binder_2}(1123)
                      |                       |-{Compiler}(1114)
                      |                       |-{FinalizerDaemo}(1118)
                      |                       |-{FinalizerWatch}(1121)
                      |                       |-{GC}(1111)
                      |                       |-{JDWP}(1113)
                      |                       |-{ReferenceQueue}(1117)
                      |                       |-{Signal Catcher}(1112)
                      |                       `-{pool-1-thread-}(1236)
                      |-com.svox.pico(2065)-+-{Binder_1}(2076)
                      |                     |-{Binder_2}(2077)
                      |                     |-{Compiler}(2072)
                      |                     |-{FinalizerDaemo}(2074)
                      |                     |-{FinalizerWatch}(2075)
                      |                     |-{GC}(2069)
                      |                     |-{JDWP}(2071)
                      |                     |-{ReferenceQueue}(2073)
                      |                     `-{Signal Catcher}(2070)
                      |-d.process.acore(1828)-+-{Binder_1}(1839)
                      |                       |-{Binder_2}(1840)
                      |                       |-{Binder_3}(1848)
                      |                       |-{Binder_4}(1849)
                      |                       |-{Compiler}(1835)
                      |                       |-{ContactsProvid}(1845)
                      |                       |-{FinalizerDaemo}(1837)
                      |                       |-{FinalizerWatch}(1838)
                      |                       |-{GC}(1832)
                      |                       |-{JDWP}(1834)
                      |                       |-{ReferenceQueue}(1836)
                      |                       `-{Signal Catcher}(1833)
                      |-d.process.media(5594)-+-{Binder_1}(5605)
                      |                       |-{Binder_2}(5606)
                      |                       |-{Compiler}(5601)
                      |                       |-{FinalizerDaemo}(5603)
                      |                       |-{FinalizerWatch}(5604)
                      |                       |-{GC}(5598)
                      |                       |-{JDWP}(5600)
                      |                       |-{ReferenceQueue}(5602)
                      |                       |-{Signal Catcher}(5599)
                      |                       `-{thumbs thread}(5608)
                      |-droid.bluetooth(1481)-+-{A2dpStateMachi}(1535)
                      |                       |-{Binder_1}(1492)
                      |                       |-{Binder_2}(1493)
                      |                       |-{Binder_3}(1532)
                      |                       |-{Binder_4}(1533)
                      |                       |-{BluetoothAvrcp}(1534)
                      |                       |-{BluetoothHdpHa}(1538)
                      |                       |-{Compiler}(1488)
                      |                       |-{FinalizerDaemo}(1490)
                      |                       |-{FinalizerWatch}(1491)
                      |                       |-{GC}(1485)
                      |                       |-{HeadsetStateMa}(1527)
                      |                       |-{JDWP}(1487)
                      |                       |-{ReferenceQueue}(1489)
                      |                       |-{Signal Catcher}(1486)
                      |                       |-{droid.bluetoot}(1516)
                      |                       `-{droid.bluetoot}(1539)
                      |-droid.deskclock(1434)-+-{AsyncHandler}(1702)
                      |                       |-{Binder_1}(1445)
                      |                       |-{Binder_2}(1446)
                      |                       |-{Compiler}(1441)
                      |                       |-{FinalizerDaemo}(1443)
                      |                       |-{FinalizerWatch}(1444)
                      |                       |-{GC}(1437)
                      |                       |-{JDWP}(1440)
                      |                       |-{ReferenceQueue}(1442)
                      |                       |-{Signal Catcher}(1439)
                      |                       `-{pool-1-thread-}(1703)
                      |-droid.gallery3d(1710)-+-{Binder_1}(1721)
                      |                       |-{Binder_2}(1722)
                      |                       |-{Compiler}(1717)
                      |                       |-{FinalizerDaemo}(1719)
                      |                       |-{FinalizerWatch}(1720)
                      |                       |-{GC}(1714)
                      |                       |-{JDWP}(1716)
                      |                       |-{ReferenceQueue}(1718)
                      |                       `-{Signal Catcher}(1715)
                      |-ell.powergadget(1736)-+-{Binder_1}(1747)
                      |                       |-{Binder_2}(1748)
                      |                       |-{Compiler}(1743)
                      |                       |-{FinalizerDaemo}(1745)
                      |                       |-{FinalizerWatch}(1746)
                      |                       |-{GC}(1740)
                      |                       |-{JDWP}(1742)
                      |                       |-{ReferenceQueue}(1744)
                      |                       |-{Signal Catcher}(1741)
                      |                       `-{UEventObserver}(1751)
                      |-id.defcontainer(2015)-+-{Binder_1}(2027)
                      |                       |-{Binder_2}(2028)
                      |                       |-{Compiler}(2023)
                      |                       |-{FinalizerDaemo}(2025)
                      |                       |-{FinalizerWatch}(2026)
                      |                       |-{GC}(2020)
                      |                       |-{JDWP}(2022)
                      |                       |-{ReferenceQueue}(2024)
                      |                       `-{Signal Catcher}(2021)
                      |-idisplay.source(1788)-+-{Binder_1}(1799)
                      |                       |-{Binder_2}(1800)
                      |                       |-{Compiler}(1795)
                      |                       |-{FinalizerDaemo}(1797)
                      |                       |-{FinalizerWatch}(1798)
                      |                       |-{GC}(1792)
                      |                       |-{JDWP}(1794)
                      |                       |-{ReferenceQueue}(1796)
                      |                       `-{Signal Catcher}(1793)
                      |-m.android.phone(1089)-+-{AsyncQueryWork}(1282)
                      |                       |-{AsyncTask #1}(1297)
                      |                       |-{AsyncTask #2}(1827)
                      |                       |-{AsyncTask #3}(1861)
                      |                       |-{AsyncTask #4}(20080)
                      |                       |-{AsyncTask #5}(5993)
                      |                       |-{AudioTrack}(1302)
                      |                       |-{Binder_1}(1105)
                      |                       |-{Binder_2}(1107)
                      |                       |-{Binder_3}(1325)
                      |                       |-{Binder_4}(1330)
                      |                       |-{CdmaInboundSms}(1240)
                      |                       |-{CdmaInboundSms}(1263)
                      |                       |-{CdmaServiceCat}(1242)
                      |                       |-{CdmaServiceCat}(1264)
                      |                       |-{CellBroadcastH}(1238)
                      |                       |-{CellBroadcastH}(1262)
                      |                       |-{Compiler}(1099)
                      |                       |-{DataPrefContro}(1224)
                      |                       |-{DcHandlerThrea}(1231)
                      |                       |-{DcHandlerThrea}(1250)
                      |                       |-{FinalizerDaemo}(1101)
                      |                       |-{FinalizerWatch}(1102)
                      |                       |-{GC}(1095)
                      |                       |-{GsmCellBroadca}(1233)
                      |                       |-{GsmCellBroadca}(1260)
                      |                       |-{GsmInboundSmsH}(1235)
                      |                       |-{GsmInboundSmsH}(1261)
                      |                       |-{JDWP}(1098)
                      |                       |-{RILReceiverSIM}(1206)
                      |                       |-{RILReceiverSIM}(1245)
                      |                       |-{RILSenderSIM1}(1244)
                      |                       |-{RILSenderSIM2}(1205)
                      |                       |-{ReferenceQueue}(1100)
                      |                       |-{Signal Catcher}(1097)
                      |                       |-{WifiManager}(1334)
                      |                       |-{ervice.Executo}(1333)
                      |                       `-{pool-1-thread-}(1320)
                      |-ndroid.calendar(2560)-+-{AlertReceiver }(2595)
                      |                       |-{AsyncQueryWork}(2593)
                      |                       |-{AsyncTask #1}(2578)
                      |                       |-{AsyncTask #2}(2594)
                      |                       |-{AsyncTask #3}(2599)
                      |                       |-{Binder_1}(2572)
                      |                       |-{Binder_2}(2573)
                      |                       |-{Compiler}(2565)
                      |                       |-{FinalizerDaemo}(2570)
                      |                       |-{FinalizerWatch}(2571)
                      |                       |-{GC}(2562)
                      |                       |-{JDWP}(2564)
                      |                       |-{ReferenceQueue}(2568)
                      |                       |-{Signal Catcher}(2563)
                      |                       |-{pool-1-thread-}(2576)
                      |                       |-{pool-2-thread-}(2577)
                      |                       `-{pool-3-thread-}(2598)
                      |-ndroid.launcher(1246)-+-{AsyncTask #1}(1276)
                      |                       |-{AsyncTask #2}(1690)
                      |                       |-{AsyncTask #3}(1691)
                      |                       |-{AsyncTask #4}(1694)
                      |                       |-{AsyncTask #5}(1696)
                      |                       |-{Binder_1}(1258)
                      |                       |-{Binder_2}(1259)
                      |                       |-{Binder_3}(1431)
                      |                       |-{Binder_4}(1432)
                      |                       |-{Compiler}(1254)
                      |                       |-{FinalizerDaemo}(1256)
                      |                       |-{FinalizerWatch}(1257)
                      |                       |-{GC}(1251)
                      |                       |-{JDWP}(1253)
                      |                       |-{ReferenceQueue}(1255)
                      |                       |-{Signal Catcher}(1252)
                      |                       |-{launcher-loade}(1271)
                      |                       |-{ndroid.launche}(1392)
                      |                       |-{ndroid.launche}(1424)
                      |                       |-{ndroid.launche}(1425)
                      |                       |-{ndroid.launche}(1426)
                      |                       `-{ndroid.launche}(1427)
                      |-ndroid.location(1070)-+-{Binder_1}(1083)
                      |                       |-{Binder_2}(1085)
                      |                       |-{Compiler}(1079)
                      |                       |-{FinalizerDaemo}(1081)
                      |                       |-{FinalizerWatch}(1082)
                      |                       |-{GC}(1075)
                      |                       |-{JDWP}(1078)
                      |                       |-{ReferenceQueue}(1080)
                      |                       |-{Signal Catcher}(1077)
                      |                       `-{WifiManager}(1174)
                      |-ndroid.systemui(907)-+-{AsyncTask #1}(1045)
                      |                      |-{AsyncTask #2}(1266)
                      |                      |-{AsyncTask #3}(1274)
                      |                      |-{AsyncTask #4}(1277)
                      |                      |-{AsyncTask #5}(1299)
                      |                      |-{Binder_1}(918)
                      |                      |-{Binder_2}(920)
                      |                      |-{Binder_3}(1230)
                      |                      |-{Compiler}(914)
                      |                      |-{FinalizerDaemo}(916)
                      |                      |-{FinalizerWatch}(917)
                      |                      |-{GC}(911)
                      |                      |-{JDWP}(913)
                      |                      |-{ReferenceQueue}(915)
                      |                      |-{Signal Catcher}(912)
                      |                      |-{SoundPoolThrea}(937)
                      |                      |-{SoundPool}(936)
                      |                      |-{SystemUI Stora}(982)
                      |                      |-{WifiManager}(1026)
                      |                      `-{ndroid.systemu}(1228)
                      |-ngs.android.pop(2032)-+-{Binder_1}(2043)
                      |                       |-{Binder_2}(2044)
                      |                       |-{Compiler}(2039)
                      |                       |-{FinalizerDaemo}(2041)
                      |                       |-{FinalizerWatch}(2042)
                      |                       |-{GC}(2036)
                      |                       |-{JDWP}(2038)
                      |                       |-{ReferenceQueue}(2040)
                      |                       `-{Signal Catcher}(2037)
                      |-putmethod.latin(1031)-+-{Binder_1}(1042)
                      |                       |-{Binder_2}(1044)
                      |                       |-{Compiler}(1038)
                      |                       |-{FinalizerDaemo}(1040)
                      |                       |-{FinalizerWatch}(1041)
                      |                       |-{GC}(1035)
                      |                       |-{InputUpdater}(1186)
                      |                       |-{JDWP}(1037)
                      |                       |-{ReferenceQueue}(1039)
                      |                       |-{Signal Catcher}(1036)
                      |                       |-{pool-1-thread-}(1180)
                      |                       |-{pool-2-thread-}(1183)
                      |                       |-{pool-3-thread-}(1184)
                      |                       `-{pool-4-thread-}(1185)
                      |-system_server(682)-+-{ActivityManage}(697)
                      |                    |-{AlarmManager}(741)
                      |                    |-{AsyncTask #1}(919)
                      |                    |-{AsyncTask #2}(1272)
                      |                    |-{AsyncTask #3}(1273)
                      |                    |-{AsyncTask #4}(1275)
                      |                    |-{AsyncTask #5}(1883)
                      |                    |-{AudioService}(894)
                      |                    |-{AudioTrack}(6716)
                      |                    |-{Binder_1}(693)
                      |                    |-{Binder_2}(694)
                      |                    |-{Binder_3}(896)
                      |                    |-{Binder_4}(1048)
                      |                    |-{Binder_5}(1065)
                      |                    |-{Binder_6}(1067)
                      |                    |-{Binder_7}(1088)
                      |                    |-{Binder_8}(1106)
                      |                    |-{Binder_9}(1120)
                      |                    |-{Binder_A}(1157)
                      |                    |-{Binder_B}(1159)
                      |                    |-{CaptivePortalT}(1019)
                      |                    |-{Compiler}(689)
                      |                    |-{ConnectivitySe}(889)
                      |                    |-{CpuTracker}(703)
                      |                    |-{FileObserver}(704)
                      |                    |-{FinalizerDaemo}(691)
                      |                    |-{FinalizerWatch}(692)
                      |                    |-{GC}(686)
                      |                    |-{InputDispatche}(747)
                      |                    |-{InputReader}(748)
                      |                    |-{JDWP}(688)
                      |                    |-{MountService}(879)
                      |                    |-{NetdConnector}(882)
                      |                    |-{NetworkPolicy}(884)
                      |                    |-{NetworkStats}(883)
                      |                    |-{NetworkTimeUpd}(1084)
                      |                    |-{NsdService}(892)
                      |                    |-{PackageManager}(705)
                      |                    |-{PowerManagerSe}(740)
                      |                    |-{ReferenceQueue}(690)
                      |                    |-{SensorService}(695)
                      |                    |-{Signal Catcher}(687)
                      |                    |-{SoundPoolThrea}(1496)
                      |                    |-{SoundPool}(1495)
                      |                    |-{Thread-67}(978)
                      |                    |-{UEventObserver}(897)
                      |                    |-{UsbService hos}(1028)
                      |                    |-{VoldConnector}(880)
                      |                    |-{WifiManager}(890)
                      |                    |-{WifiP2pService}(885)
                      |                    |-{WifiService}(887)
                      |                    |-{WifiStateMachi}(886)
                      |                    |-{WifiWatchdogSt}(891)
                      |                    |-{WindowManager}(696)
                      |                    |-{android.bg}(698)
                      |                    |-{android.fg}(700)
                      |                    |-{android.io}(702)
                      |                    |-{android.ui}(701)
                      |                    |-{backup}(898)
                      |                    |-{gpsHostSerial}(1129)
                      |                    |-{mDnsConnector}(893)
                      |                    `-{watchdog}(1029)
                      |-vell.ccimanager(1130)-+-{Binder_1}(1141)
                      |                       |-{Binder_2}(1142)
                      |                       |-{Compiler}(1137)
                      |                       |-{FinalizerDaemo}(1139)
                      |                       |-{FinalizerWatch}(1140)
                      |                       |-{GC}(1134)
                      |                       |-{JDWP}(1136)
                      |                       |-{ReferenceQueue}(1138)
                      |                       |-{Signal Catcher}(1135)
                      |                       `-{vell.ccimanage}(1468)
                      |-viders.calendar(2579)-+-{Binder_1}(2590)
                      |                       |-{Binder_2}(2591)
                      |                       |-{Compiler}(2586)
                      |                       |-{FinalizerDaemo}(2588)
                      |                       |-{FinalizerWatch}(2589)
                      |                       |-{GC}(2583)
                      |                       |-{JDWP}(2585)
                      |                       |-{ReferenceQueue}(2587)
                      |                       `-{Signal Catcher}(2584)
                      |-{FinalizerDaemo}(5596)
                      |-{FinalizerWatch}(5597)
                      `-{ReferenceQueue}(5595)
